<?xml version="1.0" encoding="UTF-8"?>
<testsuite name="CoffeemaniaAuthorize" tests="1" skipped="0" failures="0" errors="0" timestamp="2022-03-03T15:14:21" hostname="DESKTOP-UUDUEHP" time="22.451">
  <properties/>
  <testcase name="autorizationTest()" classname="CoffeemaniaAuthorize" time="22.451"/>
  <system-out><![CDATA[]]></system-out>
  <system-err><![CDATA[SLF4J: Failed to load class "org.slf4j.impl.StaticLoggerBinder".
SLF4J: Defaulting to no-operation (NOP) logger implementation
SLF4J: See http://www.slf4j.org/codes.html#StaticLoggerBinder for further details.
Starting ChromeDriver 98.0.4758.102 (273bf7ac8c909cde36982d27f66f3c70846a3718-refs/branch-heads/4758@{#1151}) on port 9933
Only local connections are allowed.
Please see https://chromedriver.chromium.org/security-considerations for suggestions on keeping ChromeDriver safe.
ChromeDriver was started successfully.
мар. 03, 2022 5:14:23 PM org.openqa.selenium.remote.ProtocolHandshake createSession
INFO: Detected dialect: W3C
]]></system-err>
</testsuite>
